Построение начато 25.05.2015 23:51:24.
     1>Проект "C:\Users\Егор\Desktop\milan-compilers\cmilan\src\cmilan_vs2011\cmilan_vs2011.vcxproj" в узле 2 (целевые объекты build).
     1>InitializeBuildStatus:
         Создание "Debug\cmilan_vs2011.unsuccessfulbuild", так как было задано "AlwaysCreate".
       ClCompile:
         C:\Program Files (x86)\Microsoft Visual Studio 10.0\VC\bin\CL.exe /c /ZI /nologo /W3 /WX- /Od /Oy- /D WIN32 /D _DEBUG /D _CONSOLE /D _UNICODE /D UNICODE /Gm /EHsc /RTC1 /MDd /GS /fp:precise /Zc:wchar_t /Zc:forScope /Fo"Debug\\" /Fd"Debug\vc100.pdb" /Gd /TP /analyze- /errorReport:prompt ..\parser.cpp
         parser.cpp
       ManifestResourceCompile:
         Для всех выходных данных обновления не требуется.
       Link:
         C:\Program Files (x86)\Microsoft Visual Studio 10.0\VC\bin\link.exe /ERRORREPORT:PROMPT /OUT:"C:\Users\Егор\Desktop\milan-compilers\cmilan\src\cmilan_vs2011\Debug\cmilan.exe" /INCREMENTAL /NOLOGO kernel32.lib user32.lib gdi32.lib winspool.lib comdlg32.lib advapi32.lib shell32.lib ole32.lib oleaut32.lib uuid.lib odbc32.lib odbccp32.lib /MANIFEST /ManifestFile:"Debug\cmilan.exe.intermediate.manifest" /MANIFESTUAC:"level='asInvoker' uiAccess='false'" /DEBUG /PDB:"C:\Users\Егор\Desktop\milan-compilers\cmilan\src\cmilan_vs2011\Debug\cmilan.pdb" /SUBSYSTEM:CONSOLE /TLBID:1 /DYNAMICBASE /NXCOMPAT /IMPLIB:"C:\Users\Егор\Desktop\milan-compilers\cmilan\src\cmilan_vs2011\Debug\cmilan.lib" /MACHINE:X86 Debug\cmilan.exe.embed.manifest.res
         Debug\codegen.obj
         Debug\main.obj
         Debug\parser.obj
         Debug\scanner.obj
       Manifest:
         C:\Program Files (x86)\Microsoft SDKs\Windows\v7.0A\bin\mt.exe /nologo /verbose /out:"Debug\cmilan.exe.embed.manifest" /manifest Debug\cmilan.exe.intermediate.manifest
         Для всех выходных данных обновления не требуется.
       LinkEmbedManifest:
         Для всех выходных данных обновления не требуется.
         cmilan_vs2011.vcxproj -> C:\Users\Егор\Desktop\milan-compilers\cmilan\src\cmilan_vs2011\Debug\cmilan.exe
       FinalizeBuildStatus:
         Файл "Debug\cmilan_vs2011.unsuccessfulbuild" удаляется.
         Обращение к "Debug\cmilan_vs2011.lastbuildstate".
     1>Построение проекта "C:\Users\Егор\Desktop\milan-compilers\cmilan\src\cmilan_vs2011\cmilan_vs2011.vcxproj" завершено (целевые объекты build).

Построение успешно завершено.

Затраченное время: 00:00:01.30
